0 info it worked if it ends with ok
1 verbose cli [ 'node', '/usr/local/bin/npm', 'publish' ]
2 info using npm@1.4.28
3 info using node@v0.10.35
4 verbose publish [ '.' ]
5 verbose cache add [ '.', null ]
6 verbose cache add name=undefined spec="." args=[".",null]
7 verbose parsed url { protocol: null,
7 verbose parsed url   slashes: null,
7 verbose parsed url   auth: null,
7 verbose parsed url   host: null,
7 verbose parsed url   port: null,
7 verbose parsed url   hostname: null,
7 verbose parsed url   hash: null,
7 verbose parsed url   search: null,
7 verbose parsed url   query: null,
7 verbose parsed url   pathname: '.',
7 verbose parsed url   path: '.',
7 verbose parsed url   href: '.' }
8 silly lockFile 3a52ce78- .
9 verbose lock . /Users/caihuanyu/.npm/3a52ce78-.lock
10 verbose tar pack [ '/Users/caihuanyu/.npm/hubot-zhihu/0.0.1/package.tgz', '.' ]
11 verbose tarball /Users/caihuanyu/.npm/hubot-zhihu/0.0.1/package.tgz
12 verbose folder .
13 info prepublish hubot-zhihu@0.0.1
14 silly lockFile 1f1177db-tar tar://.
15 verbose lock tar://. /Users/caihuanyu/.npm/1f1177db-tar.lock
16 silly lockFile 89368b60-pm-hubot-zhihu-0-0-1-package-tgz tar:///Users/caihuanyu/.npm/hubot-zhihu/0.0.1/package.tgz
17 verbose lock tar:///Users/caihuanyu/.npm/hubot-zhihu/0.0.1/package.tgz /Users/caihuanyu/.npm/89368b60-pm-hubot-zhihu-0-0-1-package-tgz.lock
18 silly lockFile 1f1177db-tar tar://.
19 silly lockFile 1f1177db-tar tar://.
20 silly lockFile 89368b60-pm-hubot-zhihu-0-0-1-package-tgz tar:///Users/caihuanyu/.npm/hubot-zhihu/0.0.1/package.tgz
21 silly lockFile 89368b60-pm-hubot-zhihu-0-0-1-package-tgz tar:///Users/caihuanyu/.npm/hubot-zhihu/0.0.1/package.tgz
22 silly lockFile 59d0a4bb-yu-npm-hubot-zhihu-0-0-1-package /Users/caihuanyu/.npm/hubot-zhihu/0.0.1/package
23 verbose lock /Users/caihuanyu/.npm/hubot-zhihu/0.0.1/package /Users/caihuanyu/.npm/59d0a4bb-yu-npm-hubot-zhihu-0-0-1-package.lock
24 silly lockFile 59d0a4bb-yu-npm-hubot-zhihu-0-0-1-package /Users/caihuanyu/.npm/hubot-zhihu/0.0.1/package
25 silly lockFile 59d0a4bb-yu-npm-hubot-zhihu-0-0-1-package /Users/caihuanyu/.npm/hubot-zhihu/0.0.1/package
26 silly lockFile 3a52ce78- .
27 silly lockFile 3a52ce78- .
28 silly publish { name: 'hubot-zhihu',
28 silly publish   description: 'hubot知乎日报获取',
28 silly publish   version: '0.0.1',
28 silly publish   author: { name: 'Darmody', email: 'eterlf41@gmail.com' },
28 silly publish   license: 'MIT',
28 silly publish   keywords: [ 'hubot', 'hubot-scripts' ],
28 silly publish   repository: { type: 'git', url: 'git://github.com/Darmody/hubot-zhihu.git' },
28 silly publish   bugs: { url: 'https://github.com/Darmody/hubot-zhihu/issues' },
28 silly publish   dependencies: { 'coffee-script': '~1.6', request: '^2.54.0' },
28 silly publish   devDependencies:
28 silly publish    { mocha: '*',
28 silly publish      chai: '*',
28 silly publish      'sinon-chai': '*',
28 silly publish      sinon: '*',
28 silly publish      'grunt-mocha-test': '~0.7.0',
28 silly publish      'grunt-release': '~0.6.0',
28 silly publish      matchdep: '~0.1.2',
28 silly publish      'grunt-contrib-watch': '~0.5.3' },
28 silly publish   main: 'index.coffee',
28 silly publish   scripts: { test: 'grunt test' },
28 silly publish   readme: '# hubot-zhihu\n\nhubot知乎日报获取\n\nSee [`src/zhihu.coffee`](src/zhihu.coffee) for full documentation.\n\n## Installation\n\nIn hubot project repo, run:\n\n`npm install hubot-zhihu --save`\n\nThen add **hubot-zhihu** to your `external-scripts.json`:\n\n```json\n["hubot-zhihu"]\n```\n\n## Sample Interaction\n\n```\nuser1>> hubot hello\nhubot>> hello!\n```\n',
28 silly publish   readmeFilename: 'README.md',
28 silly publish   gitHead: 'fb547f760918456a51598227d1bb958f5a6bd64b',
28 silly publish   homepage: 'https://github.com/Darmody/hubot-zhihu',
28 silly publish   _id: 'hubot-zhihu@0.0.1',
28 silly publish   _shasum: '43147fb0c3196b5fbb8ad2904c1c0c50e14f590b',
28 silly publish   _from: '.' }
29 error need auth auth and email required for publishing
29 error need auth You need to authorize this machine using `npm adduser`
30 error System Darwin 14.1.0
31 error command "node" "/usr/local/bin/npm" "publish"
32 error cwd /Users/caihuanyu/Workspace/hubot-zhihu
33 error node -v v0.10.35
34 error npm -v 1.4.28
35 error code ENEEDAUTH
36 verbose exit [ 1, true ]
